{"D:\\Hacktiv8\\phase_2\\WEEK_3\\Individual Project\\IP-HCK85\\server\\app.js": {"path":"D:\\Hacktiv8\\phase_2\\WEEK_3\\Individual Project\\IP-HCK85\\server\\app.js","statementMap":{"0":{"start":{"line":1,"column":15},"end":{"line":1,"column":32}},"1":{"start":{"line":3,"column":0},"end":{"line":3,"column":15}},"2":{"start":{"line":5,"column":26},"end":{"line":5,"column":68}},"3":{"start":{"line":6,"column":25},"end":{"line":6,"column":66}},"4":{"start":{"line":7,"column":21},"end":{"line":7,"column":58}},"5":{"start":{"line":8,"column":30},"end":{"line":8,"column":76}},"6":{"start":{"line":9,"column":23},"end":{"line":9,"column":62}},"7":{"start":{"line":10,"column":21},"end":{"line":10,"column":58}},"8":{"start":{"line":11,"column":23},"end":{"line":11,"column":62}},"9":{"start":{"line":12,"column":16},"end":{"line":12,"column":34}},"10":{"start":{"line":13,"column":12},"end":{"line":13,"column":21}},"11":{"start":{"line":14,"column":13},"end":{"line":14,"column":28}},"12":{"start":{"line":15,"column":15},"end":{"line":15,"column":32}},"13":{"start":{"line":18,"column":0},"end":{"line":18,"column":15}},"14":{"start":{"line":20,"column":0},"end":{"line":20,"column":23}},"15":{"start":{"line":21,"column":0},"end":{"line":21,"column":46}},"16":{"start":{"line":23,"column":0},"end":{"line":23,"column":46}},"17":{"start":{"line":24,"column":0},"end":{"line":24,"column":40}},"18":{"start":{"line":25,"column":0},"end":{"line":25,"column":44}},"19":{"start":{"line":26,"column":0},"end":{"line":26,"column":53}},"20":{"start":{"line":28,"column":0},"end":{"line":28,"column":23}},"21":{"start":{"line":29,"column":0},"end":{"line":29,"column":47}},"22":{"start":{"line":30,"column":0},"end":{"line":30,"column":47}},"23":{"start":{"line":31,"column":0},"end":{"line":31,"column":44}},"24":{"start":{"line":32,"column":0},"end":{"line":32,"column":50}},"25":{"start":{"line":33,"column":0},"end":{"line":33,"column":50}},"26":{"start":{"line":34,"column":0},"end":{"line":34,"column":53}},"27":{"start":{"line":35,"column":0},"end":{"line":35,"column":73}},"28":{"start":{"line":36,"column":0},"end":{"line":36,"column":53}},"29":{"start":{"line":37,"column":0},"end":{"line":37,"column":68}},"30":{"start":{"line":39,"column":15},"end":{"line":39,"column":57}},"31":{"start":{"line":40,"column":0},"end":{"line":40,"column":85}},"32":{"start":{"line":45,"column":0},"end":{"line":45,"column":21}},"33":{"start":{"line":47,"column":0},"end":{"line":47,"column":20}}},"fnMap":{},"branchMap":{},"s":{"0":1,"1":1,"2":1,"3":1,"4":1,"5":1,"6":1,"7":1,"8":1,"9":1,"10":1,"11":1,"12":1,"13":1,"14":1,"15":1,"16":1,"17":1,"18":1,"19":1,"20":1,"21":1,"22":1,"23":1,"24":1,"25":1,"26":1,"27":1,"28":1,"29":1,"30":1,"31":1,"32":1,"33":1},"f":{},"b":{},"_coverageSchema":"1a1c01bbd47fc00a2c39e90264f33305004495a9","hash":"1d22b5c32a5f1ef61b34f40ea3538d9462548e5b"}
,"D:\\Hacktiv8\\phase_2\\WEEK_3\\Individual Project\\IP-HCK85\\server\\controllers\\AIController.js": {"path":"D:\\Hacktiv8\\phase_2\\WEEK_3\\Individual Project\\IP-HCK85\\server\\controllers\\AIController.js","statementMap":{"0":{"start":{"line":2,"column":0},"end":{"line":2,"column":27}},"1":{"start":{"line":4,"column":27},"end":{"line":4,"column":47}},"2":{"start":{"line":5,"column":31},"end":{"line":5,"column":63}},"3":{"start":{"line":7,"column":14},"end":{"line":7,"column":64}},"4":{"start":{"line":11,"column":4},"end":{"line":74,"column":5}},"5":{"start":{"line":12,"column":28},"end":{"line":12,"column":38}},"6":{"start":{"line":14,"column":22},"end":{"line":16,"column":8}},"7":{"start":{"line":18,"column":6},"end":{"line":20,"column":7}},"8":{"start":{"line":19,"column":8},"end":{"line":19,"column":70}},"9":{"start":{"line":22,"column":24},"end":{"line":22,"column":42}},"10":{"start":{"line":23,"column":23},"end":{"line":23,"column":45}},"11":{"start":{"line":24,"column":30},"end":{"line":24,"column":61}},"12":{"start":{"line":26,"column":21},"end":{"line":30,"column":1}},"13":{"start":{"line":32,"column":6},"end":{"line":67,"column":7}},"14":{"start":{"line":33,"column":22},"end":{"line":33,"column":77}},"15":{"start":{"line":34,"column":23},"end":{"line":34,"column":58}},"16":{"start":{"line":36,"column":8},"end":{"line":36,"column":77}},"17":{"start":{"line":38,"column":8},"end":{"line":40,"column":9}},"18":{"start":{"line":39,"column":10},"end":{"line":39,"column":63}},"19":{"start":{"line":43,"column":21},"end":{"line":43,"column":72}},"20":{"start":{"line":44,"column":8},"end":{"line":44,"column":53}},"21":{"start":{"line":46,"column":8},"end":{"line":48,"column":9}},"22":{"start":{"line":47,"column":10},"end":{"line":47,"column":52}},"23":{"start":{"line":51,"column":8},"end":{"line":51,"column":58}},"24":{"start":{"line":53,"column":8},"end":{"line":60,"column":11}},"25":{"start":{"line":62,"column":8},"end":{"line":62,"column":52}},"26":{"start":{"line":63,"column":8},"end":{"line":66,"column":11}},"27":{"start":{"line":69,"column":6},"end":{"line":69,"column":44}},"28":{"start":{"line":70,"column":6},"end":{"line":73,"column":9}},"29":{"start":{"line":78,"column":0},"end":{"line":78,"column":30}}},"fnMap":{"0":{"name":"(anonymous_0)","decl":{"start":{"line":10,"column":2},"end":{"line":10,"column":3}},"loc":{"start":{"line":10,"column":54},"end":{"line":75,"column":3}},"line":10}},"branchMap":{"0":{"loc":{"start":{"line":18,"column":6},"end":{"line":20,"column":7}},"type":"if","locations":[{"start":{"line":18,"column":6},"end":{"line":20,"column":7}},{"start":{},"end":{}}],"line":18},"1":{"loc":{"start":{"line":38,"column":8},"end":{"line":40,"column":9}},"type":"if","locations":[{"start":{"line":38,"column":8},"end":{"line":40,"column":9}},{"start":{},"end":{}}],"line":38},"2":{"loc":{"start":{"line":38,"column":12},"end":{"line":38,"column":104}},"type":"binary-expr","locations":[{"start":{"line":38,"column":12},"end":{"line":38,"column":19}},{"start":{"line":38,"column":23},"end":{"line":38,"column":39}},{"start":{"line":38,"column":43},"end":{"line":38,"column":70}},{"start":{"line":38,"column":74},"end":{"line":38,"column":104}}],"line":38},"3":{"loc":{"start":{"line":46,"column":8},"end":{"line":48,"column":9}},"type":"if","locations":[{"start":{"line":46,"column":8},"end":{"line":48,"column":9}},{"start":{},"end":{}}],"line":46}},"s":{"0":1,"1":1,"2":1,"3":1,"4":0,"5":0,"6":0,"7":0,"8":0,"9":0,"10":0,"11":0,"12":0,"13":0,"14":0,"15":0,"16":0,"17":0,"18":0,"19":0,"20":0,"21":0,"22":0,"23":0,"24":0,"25":0,"26":0,"27":0,"28":0,"29":1},"f":{"0":0},"b":{"0":[0,0],"1":[0,0],"2":[0,0,0,0],"3":[0,0]},"_coverageSchema":"1a1c01bbd47fc00a2c39e90264f33305004495a9","hash":"0ee278ec955cf48dfc49cc84cd7f48dea1c63ac9"}
,"D:\\Hacktiv8\\phase_2\\WEEK_3\\Individual Project\\IP-HCK85\\server\\controllers\\AuthController.js": {"path":"D:\\Hacktiv8\\phase_2\\WEEK_3\\Individual Project\\IP-HCK85\\server\\controllers\\AuthController.js","statementMap":{"0":{"start":{"line":1,"column":17},"end":{"line":1,"column":37}},"1":{"start":{"line":2,"column":42},"end":{"line":2,"column":70}},"2":{"start":{"line":3,"column":26},"end":{"line":3,"column":51}},"3":{"start":{"line":4,"column":25},"end":{"line":4,"column":55}},"4":{"start":{"line":5,"column":15},"end":{"line":5,"column":33}},"5":{"start":{"line":6,"column":22},"end":{"line":6,"column":50}},"6":{"start":{"line":10,"column":4},"end":{"line":25,"column":5}},"7":{"start":{"line":11,"column":40},"end":{"line":11,"column":48}},"8":{"start":{"line":13,"column":19},"end":{"line":17,"column":8}},"9":{"start":{"line":19,"column":6},"end":{"line":19,"column":63}},"10":{"start":{"line":21,"column":6},"end":{"line":23,"column":7}},"11":{"start":{"line":22,"column":8},"end":{"line":22,"column":74}},"12":{"start":{"line":24,"column":6},"end":{"line":24,"column":16}},"13":{"start":{"line":30,"column":4},"end":{"line":42,"column":5}},"14":{"start":{"line":31,"column":34},"end":{"line":31,"column":42}},"15":{"start":{"line":33,"column":19},"end":{"line":33,"column":59}},"16":{"start":{"line":34,"column":6},"end":{"line":36,"column":7}},"17":{"start":{"line":35,"column":8},"end":{"line":35,"column":77}},"18":{"start":{"line":38,"column":27},"end":{"line":38,"column":76}},"19":{"start":{"line":39,"column":6},"end":{"line":39,"column":33}},"20":{"start":{"line":41,"column":6},"end":{"line":41,"column":18}},"21":{"start":{"line":47,"column":25},"end":{"line":47,"column":36}},"22":{"start":{"line":49,"column":4},"end":{"line":73,"column":5}},"23":{"start":{"line":50,"column":21},"end":{"line":53,"column":8}},"24":{"start":{"line":55,"column":22},"end":{"line":55,"column":41}},"25":{"start":{"line":56,"column":43},"end":{"line":56,"column":50}},"26":{"start":{"line":58,"column":17},"end":{"line":58,"column":57}},"27":{"start":{"line":59,"column":6},"end":{"line":65,"column":7}},"28":{"start":{"line":60,"column":8},"end":{"line":64,"column":11}},"29":{"start":{"line":67,"column":27},"end":{"line":67,"column":76}},"30":{"start":{"line":68,"column":6},"end":{"line":68,"column":45}},"31":{"start":{"line":71,"column":6},"end":{"line":71,"column":27}},"32":{"start":{"line":72,"column":6},"end":{"line":72,"column":18}},"33":{"start":{"line":78,"column":0},"end":{"line":78,"column":32}}},"fnMap":{"0":{"name":"(anonymous_0)","decl":{"start":{"line":9,"column":2},"end":{"line":9,"column":3}},"loc":{"start":{"line":9,"column":40},"end":{"line":26,"column":3}},"line":9},"1":{"name":"(anonymous_1)","decl":{"start":{"line":29,"column":2},"end":{"line":29,"column":3}},"loc":{"start":{"line":29,"column":37},"end":{"line":43,"column":3}},"line":29},"2":{"name":"(anonymous_2)","decl":{"start":{"line":45,"column":2},"end":{"line":45,"column":3}},"loc":{"start":{"line":45,"column":43},"end":{"line":74,"column":3}},"line":45}},"branchMap":{"0":{"loc":{"start":{"line":21,"column":6},"end":{"line":23,"column":7}},"type":"if","locations":[{"start":{"line":21,"column":6},"end":{"line":23,"column":7}},{"start":{},"end":{}}],"line":21},"1":{"loc":{"start":{"line":34,"column":6},"end":{"line":36,"column":7}},"type":"if","locations":[{"start":{"line":34,"column":6},"end":{"line":36,"column":7}},{"start":{},"end":{}}],"line":34},"2":{"loc":{"start":{"line":34,"column":10},"end":{"line":34,"column":60}},"type":"binary-expr","locations":[{"start":{"line":34,"column":10},"end":{"line":34,"column":15}},{"start":{"line":34,"column":19},"end":{"line":34,"column":60}}],"line":34},"3":{"loc":{"start":{"line":59,"column":6},"end":{"line":65,"column":7}},"type":"if","locations":[{"start":{"line":59,"column":6},"end":{"line":65,"column":7}},{"start":{},"end":{}}],"line":59}},"s":{"0":1,"1":1,"2":1,"3":1,"4":1,"5":1,"6":0,"7":0,"8":0,"9":0,"10":0,"11":0,"12":0,"13":0,"14":0,"15":0,"16":0,"17":0,"18":0,"19":0,"20":0,"21":0,"22":0,"23":0,"24":0,"25":0,"26":0,"27":0,"28":0,"29":0,"30":0,"31":0,"32":0,"33":1},"f":{"0":0,"1":0,"2":0},"b":{"0":[0,0],"1":[0,0],"2":[0,0],"3":[0,0]},"_coverageSchema":"1a1c01bbd47fc00a2c39e90264f33305004495a9","hash":"bd31215b13824a615f82fc74da469f4ca2b8ecd7"}
,"D:\\Hacktiv8\\phase_2\\WEEK_3\\Individual Project\\IP-HCK85\\server\\controllers\\ParticipantController.js": {"path":"D:\\Hacktiv8\\phase_2\\WEEK_3\\Individual Project\\IP-HCK85\\server\\controllers\\ParticipantController.js","statementMap":{"0":{"start":{"line":1,"column":57},"end":{"line":1,"column":77}},"1":{"start":{"line":5,"column":4},"end":{"line":75,"column":5}},"2":{"start":{"line":7,"column":29},"end":{"line":7,"column":37}},"3":{"start":{"line":9,"column":6},"end":{"line":14,"column":7}},"4":{"start":{"line":10,"column":8},"end":{"line":13,"column":11}},"5":{"start":{"line":17,"column":6},"end":{"line":22,"column":7}},"6":{"start":{"line":18,"column":8},"end":{"line":21,"column":11}},"7":{"start":{"line":25,"column":19},"end":{"line":25,"column":51}},"8":{"start":{"line":26,"column":6},"end":{"line":31,"column":7}},"9":{"start":{"line":27,"column":8},"end":{"line":30,"column":11}},"10":{"start":{"line":34,"column":22},"end":{"line":34,"column":56}},"11":{"start":{"line":35,"column":6},"end":{"line":40,"column":7}},"12":{"start":{"line":36,"column":8},"end":{"line":39,"column":11}},"13":{"start":{"line":43,"column":34},"end":{"line":50,"column":7}},"14":{"start":{"line":52,"column":6},"end":{"line":57,"column":7}},"15":{"start":{"line":53,"column":8},"end":{"line":56,"column":11}},"16":{"start":{"line":60,"column":28},"end":{"line":67,"column":7}},"17":{"start":{"line":69,"column":6},"end":{"line":72,"column":9}},"18":{"start":{"line":74,"column":6},"end":{"line":74,"column":18}},"19":{"start":{"line":79,"column":4},"end":{"line":94,"column":5}},"20":{"start":{"line":80,"column":29},"end":{"line":80,"column":39}},"21":{"start":{"line":82,"column":20},"end":{"line":87,"column":8}},"22":{"start":{"line":89,"column":6},"end":{"line":89,"column":91}},"23":{"start":{"line":89,"column":18},"end":{"line":89,"column":91}},"24":{"start":{"line":91,"column":6},"end":{"line":91,"column":52}},"25":{"start":{"line":93,"column":6},"end":{"line":93,"column":18}},"26":{"start":{"line":98,"column":0},"end":{"line":98,"column":39}}},"fnMap":{"0":{"name":"(anonymous_0)","decl":{"start":{"line":4,"column":2},"end":{"line":4,"column":3}},"loc":{"start":{"line":4,"column":36},"end":{"line":76,"column":3}},"line":4},"1":{"name":"(anonymous_1)","decl":{"start":{"line":78,"column":2},"end":{"line":78,"column":3}},"loc":{"start":{"line":78,"column":37},"end":{"line":95,"column":3}},"line":78}},"branchMap":{"0":{"loc":{"start":{"line":9,"column":6},"end":{"line":14,"column":7}},"type":"if","locations":[{"start":{"line":9,"column":6},"end":{"line":14,"column":7}},{"start":{},"end":{}}],"line":9},"1":{"loc":{"start":{"line":17,"column":6},"end":{"line":22,"column":7}},"type":"if","locations":[{"start":{"line":17,"column":6},"end":{"line":22,"column":7}},{"start":{},"end":{}}],"line":17},"2":{"loc":{"start":{"line":17,"column":10},"end":{"line":17,"column":35}},"type":"binary-expr","locations":[{"start":{"line":17,"column":10},"end":{"line":17,"column":19}},{"start":{"line":17,"column":23},"end":{"line":17,"column":35}}],"line":17},"3":{"loc":{"start":{"line":26,"column":6},"end":{"line":31,"column":7}},"type":"if","locations":[{"start":{"line":26,"column":6},"end":{"line":31,"column":7}},{"start":{},"end":{}}],"line":26},"4":{"loc":{"start":{"line":35,"column":6},"end":{"line":40,"column":7}},"type":"if","locations":[{"start":{"line":35,"column":6},"end":{"line":40,"column":7}},{"start":{},"end":{}}],"line":35},"5":{"loc":{"start":{"line":52,"column":6},"end":{"line":57,"column":7}},"type":"if","locations":[{"start":{"line":52,"column":6},"end":{"line":57,"column":7}},{"start":{},"end":{}}],"line":52},"6":{"loc":{"start":{"line":89,"column":6},"end":{"line":89,"column":91}},"type":"if","locations":[{"start":{"line":89,"column":6},"end":{"line":89,"column":91}},{"start":{},"end":{}}],"line":89}},"s":{"0":1,"1":0,"2":0,"3":0,"4":0,"5":0,"6":0,"7":0,"8":0,"9":0,"10":0,"11":0,"12":0,"13":0,"14":0,"15":0,"16":0,"17":0,"18":0,"19":0,"20":0,"21":0,"22":0,"23":0,"24":0,"25":0,"26":1},"f":{"0":0,"1":0},"b":{"0":[0,0],"1":[0,0],"2":[0,0],"3":[0,0],"4":[0,0],"5":[0,0],"6":[0,0]},"_coverageSchema":"1a1c01bbd47fc00a2c39e90264f33305004495a9","hash":"bad7118f7cd368182c71bba89dd977062c0c19e1"}
,"D:\\Hacktiv8\\phase_2\\WEEK_3\\Individual Project\\IP-HCK85\\server\\controllers\\PublicController.js": {"path":"D:\\Hacktiv8\\phase_2\\WEEK_3\\Individual Project\\IP-HCK85\\server\\controllers\\PublicController.js","statementMap":{"0":{"start":{"line":1,"column":33},"end":{"line":1,"column":53}},"1":{"start":{"line":5,"column":4},"end":{"line":47,"column":5}},"2":{"start":{"line":6,"column":23},"end":{"line":22,"column":8}},"3":{"start":{"line":24,"column":29},"end":{"line":41,"column":8}},"4":{"start":{"line":25,"column":8},"end":{"line":40,"column":10}},"5":{"start":{"line":44,"column":6},"end":{"line":44,"column":43}},"6":{"start":{"line":46,"column":6},"end":{"line":46,"column":18}},"7":{"start":{"line":51,"column":0},"end":{"line":51,"column":34}}},"fnMap":{"0":{"name":"(anonymous_0)","decl":{"start":{"line":4,"column":2},"end":{"line":4,"column":3}},"loc":{"start":{"line":4,"column":42},"end":{"line":48,"column":3}},"line":4},"1":{"name":"(anonymous_1)","decl":{"start":{"line":24,"column":42},"end":{"line":24,"column":43}},"loc":{"start":{"line":24,"column":53},"end":{"line":41,"column":7}},"line":24}},"branchMap":{"0":{"loc":{"start":{"line":33,"column":17},"end":{"line":33,"column":43}},"type":"binary-expr","locations":[{"start":{"line":33,"column":17},"end":{"line":33,"column":36}},{"start":{"line":33,"column":40},"end":{"line":33,"column":43}}],"line":33},"1":{"loc":{"start":{"line":34,"column":16},"end":{"line":34,"column":47}},"type":"binary-expr","locations":[{"start":{"line":34,"column":16},"end":{"line":34,"column":34}},{"start":{"line":34,"column":38},"end":{"line":34,"column":47}}],"line":34},"2":{"loc":{"start":{"line":36,"column":20},"end":{"line":36,"column":43}},"type":"binary-expr","locations":[{"start":{"line":36,"column":20},"end":{"line":36,"column":36}},{"start":{"line":36,"column":40},"end":{"line":36,"column":43}}],"line":36},"3":{"loc":{"start":{"line":37,"column":20},"end":{"line":37,"column":46}},"type":"binary-expr","locations":[{"start":{"line":37,"column":20},"end":{"line":37,"column":39}},{"start":{"line":37,"column":43},"end":{"line":37,"column":46}}],"line":37},"4":{"loc":{"start":{"line":38,"column":19},"end":{"line":38,"column":46}},"type":"binary-expr","locations":[{"start":{"line":38,"column":19},"end":{"line":38,"column":39}},{"start":{"line":38,"column":43},"end":{"line":38,"column":46}}],"line":38},"5":{"loc":{"start":{"line":39,"column":20},"end":{"line":39,"column":47}},"type":"binary-expr","locations":[{"start":{"line":39,"column":20},"end":{"line":39,"column":40}},{"start":{"line":39,"column":44},"end":{"line":39,"column":47}}],"line":39}},"s":{"0":1,"1":0,"2":0,"3":0,"4":0,"5":0,"6":0,"7":1},"f":{"0":0,"1":0},"b":{"0":[0,0],"1":[0,0],"2":[0,0],"3":[0,0],"4":[0,0],"5":[0,0]},"_coverageSchema":"1a1c01bbd47fc00a2c39e90264f33305004495a9","hash":"c87ad9b417f90cdc31010a78675eb2b9c5ccca36"}
,"D:\\Hacktiv8\\phase_2\\WEEK_3\\Individual Project\\IP-HCK85\\server\\controllers\\SessionController.js": {"path":"D:\\Hacktiv8\\phase_2\\WEEK_3\\Individual Project\\IP-HCK85\\server\\controllers\\SessionController.js","statementMap":{"0":{"start":{"line":1,"column":63},"end":{"line":1,"column":83}},"1":{"start":{"line":5,"column":8},"end":{"line":26,"column":9}},"2":{"start":{"line":8,"column":69},"end":{"line":8,"column":77}},"3":{"start":{"line":10,"column":28},"end":{"line":21,"column":14}},"4":{"start":{"line":23,"column":12},"end":{"line":23,"column":42}},"5":{"start":{"line":25,"column":12},"end":{"line":25,"column":24}},"6":{"start":{"line":30,"column":4},"end":{"line":63,"column":5}},"7":{"start":{"line":31,"column":23},"end":{"line":50,"column":8}},"8":{"start":{"line":52,"column":21},"end":{"line":58,"column":8}},"9":{"start":{"line":53,"column":21},"end":{"line":53,"column":31}},"10":{"start":{"line":54,"column":8},"end":{"line":54,"column":61}},"11":{"start":{"line":55,"column":8},"end":{"line":55,"column":72}},"12":{"start":{"line":55,"column":50},"end":{"line":55,"column":70}},"13":{"start":{"line":56,"column":8},"end":{"line":56,"column":33}},"14":{"start":{"line":57,"column":8},"end":{"line":57,"column":20}},"15":{"start":{"line":60,"column":6},"end":{"line":60,"column":23}},"16":{"start":{"line":62,"column":6},"end":{"line":62,"column":18}},"17":{"start":{"line":69,"column":8},"end":{"line":77,"column":9}},"18":{"start":{"line":70,"column":26},"end":{"line":73,"column":14}},"19":{"start":{"line":74,"column":12},"end":{"line":74,"column":40}},"20":{"start":{"line":76,"column":12},"end":{"line":76,"column":24}},"21":{"start":{"line":81,"column":8},"end":{"line":91,"column":9}},"22":{"start":{"line":82,"column":27},"end":{"line":82,"column":37}},"23":{"start":{"line":83,"column":28},"end":{"line":85,"column":14}},"24":{"start":{"line":86,"column":12},"end":{"line":86,"column":82}},"25":{"start":{"line":86,"column":26},"end":{"line":86,"column":82}},"26":{"start":{"line":88,"column":12},"end":{"line":88,"column":30}},"27":{"start":{"line":90,"column":12},"end":{"line":90,"column":24}},"28":{"start":{"line":95,"column":8},"end":{"line":123,"column":9}},"29":{"start":{"line":96,"column":27},"end":{"line":96,"column":37}},"30":{"start":{"line":100,"column":16},"end":{"line":100,"column":24}},"31":{"start":{"line":102,"column":28},"end":{"line":102,"column":54}},"32":{"start":{"line":104,"column":12},"end":{"line":106,"column":13}},"33":{"start":{"line":105,"column":16},"end":{"line":105,"column":78}},"34":{"start":{"line":108,"column":12},"end":{"line":117,"column":15}},"35":{"start":{"line":119,"column":12},"end":{"line":119,"column":42}},"36":{"start":{"line":122,"column":12},"end":{"line":122,"column":24}},"37":{"start":{"line":128,"column":8},"end":{"line":143,"column":9}},"38":{"start":{"line":129,"column":27},"end":{"line":129,"column":37}},"39":{"start":{"line":130,"column":28},"end":{"line":130,"column":54}},"40":{"start":{"line":132,"column":12},"end":{"line":132,"column":82}},"41":{"start":{"line":132,"column":26},"end":{"line":132,"column":82}},"42":{"start":{"line":134,"column":12},"end":{"line":134,"column":36}},"43":{"start":{"line":135,"column":12},"end":{"line":135,"column":53}},"44":{"start":{"line":137,"column":12},"end":{"line":137,"column":32}},"45":{"start":{"line":138,"column":12},"end":{"line":140,"column":13}},"46":{"start":{"line":139,"column":16},"end":{"line":139,"column":70}},"47":{"start":{"line":142,"column":12},"end":{"line":142,"column":24}},"48":{"start":{"line":147,"column":4},"end":{"line":184,"column":5}},"49":{"start":{"line":148,"column":6},"end":{"line":150,"column":7}},"50":{"start":{"line":149,"column":8},"end":{"line":149,"column":72}},"51":{"start":{"line":152,"column":24},"end":{"line":152,"column":43}},"52":{"start":{"line":153,"column":6},"end":{"line":155,"column":7}},"53":{"start":{"line":154,"column":8},"end":{"line":154,"column":80}},"54":{"start":{"line":157,"column":22},"end":{"line":157,"column":55}},"55":{"start":{"line":158,"column":6},"end":{"line":160,"column":7}},"56":{"start":{"line":159,"column":8},"end":{"line":159,"column":86}},"57":{"start":{"line":163,"column":27},"end":{"line":172,"column":8}},"58":{"start":{"line":164,"column":23},"end":{"line":170,"column":9}},"59":{"start":{"line":167,"column":12},"end":{"line":167,"column":44}},"60":{"start":{"line":167,"column":23},"end":{"line":167,"column":44}},"61":{"start":{"line":168,"column":12},"end":{"line":168,"column":35}},"62":{"start":{"line":171,"column":8},"end":{"line":171,"column":36}},"63":{"start":{"line":175,"column":6},"end":{"line":175,"column":67}},"64":{"start":{"line":177,"column":6},"end":{"line":180,"column":9}},"65":{"start":{"line":182,"column":6},"end":{"line":182,"column":23}},"66":{"start":{"line":183,"column":6},"end":{"line":183,"column":16}},"67":{"start":{"line":188,"column":0},"end":{"line":188,"column":34}}},"fnMap":{"0":{"name":"(anonymous_0)","decl":{"start":{"line":4,"column":4},"end":{"line":4,"column":5}},"loc":{"start":{"line":4,"column":40},"end":{"line":27,"column":5}},"line":4},"1":{"name":"(anonymous_1)","decl":{"start":{"line":29,"column":2},"end":{"line":29,"column":3}},"loc":{"start":{"line":29,"column":36},"end":{"line":64,"column":3}},"line":29},"2":{"name":"(anonymous_2)","decl":{"start":{"line":52,"column":34},"end":{"line":52,"column":35}},"loc":{"start":{"line":52,"column":39},"end":{"line":58,"column":7}},"line":52},"3":{"name":"(anonymous_3)","decl":{"start":{"line":55,"column":45},"end":{"line":55,"column":46}},"loc":{"start":{"line":55,"column":50},"end":{"line":55,"column":70}},"line":55},"4":{"name":"(anonymous_4)","decl":{"start":{"line":68,"column":4},"end":{"line":68,"column":5}},"loc":{"start":{"line":68,"column":43},"end":{"line":78,"column":5}},"line":68},"5":{"name":"(anonymous_5)","decl":{"start":{"line":80,"column":4},"end":{"line":80,"column":5}},"loc":{"start":{"line":80,"column":40},"end":{"line":92,"column":5}},"line":80},"6":{"name":"(anonymous_6)","decl":{"start":{"line":94,"column":4},"end":{"line":94,"column":5}},"loc":{"start":{"line":94,"column":40},"end":{"line":124,"column":5}},"line":94},"7":{"name":"(anonymous_7)","decl":{"start":{"line":127,"column":4},"end":{"line":127,"column":5}},"loc":{"start":{"line":127,"column":40},"end":{"line":144,"column":5}},"line":127},"8":{"name":"(anonymous_8)","decl":{"start":{"line":146,"column":4},"end":{"line":146,"column":5}},"loc":{"start":{"line":146,"column":45},"end":{"line":185,"column":3}},"line":146},"9":{"name":"(anonymous_9)","decl":{"start":{"line":163,"column":45},"end":{"line":163,"column":46}},"loc":{"start":{"line":163,"column":66},"end":{"line":172,"column":7}},"line":163},"10":{"name":"(anonymous_10)","decl":{"start":{"line":166,"column":10},"end":{"line":166,"column":11}},"loc":{"start":{"line":166,"column":29},"end":{"line":169,"column":11}},"line":166}},"branchMap":{"0":{"loc":{"start":{"line":86,"column":12},"end":{"line":86,"column":82}},"type":"if","locations":[{"start":{"line":86,"column":12},"end":{"line":86,"column":82}},{"start":{},"end":{}}],"line":86},"1":{"loc":{"start":{"line":104,"column":12},"end":{"line":106,"column":13}},"type":"if","locations":[{"start":{"line":104,"column":12},"end":{"line":106,"column":13}},{"start":{},"end":{}}],"line":104},"2":{"loc":{"start":{"line":132,"column":12},"end":{"line":132,"column":82}},"type":"if","locations":[{"start":{"line":132,"column":12},"end":{"line":132,"column":82}},{"start":{},"end":{}}],"line":132},"3":{"loc":{"start":{"line":138,"column":12},"end":{"line":140,"column":13}},"type":"if","locations":[{"start":{"line":138,"column":12},"end":{"line":140,"column":13}},{"start":{},"end":{}}],"line":138},"4":{"loc":{"start":{"line":148,"column":6},"end":{"line":150,"column":7}},"type":"if","locations":[{"start":{"line":148,"column":6},"end":{"line":150,"column":7}},{"start":{},"end":{}}],"line":148},"5":{"loc":{"start":{"line":153,"column":6},"end":{"line":155,"column":7}},"type":"if","locations":[{"start":{"line":153,"column":6},"end":{"line":155,"column":7}},{"start":{},"end":{}}],"line":153},"6":{"loc":{"start":{"line":158,"column":6},"end":{"line":160,"column":7}},"type":"if","locations":[{"start":{"line":158,"column":6},"end":{"line":160,"column":7}},{"start":{},"end":{}}],"line":158},"7":{"loc":{"start":{"line":167,"column":12},"end":{"line":167,"column":44}},"type":"if","locations":[{"start":{"line":167,"column":12},"end":{"line":167,"column":44}},{"start":{},"end":{}}],"line":167}},"s":{"0":1,"1":0,"2":0,"3":0,"4":0,"5":0,"6":0,"7":0,"8":0,"9":0,"10":0,"11":0,"12":0,"13":0,"14":0,"15":0,"16":0,"17":0,"18":0,"19":0,"20":0,"21":0,"22":0,"23":0,"24":0,"25":0,"26":0,"27":0,"28":0,"29":0,"30":0,"31":0,"32":0,"33":0,"34":0,"35":0,"36":0,"37":0,"38":0,"39":0,"40":0,"41":0,"42":0,"43":0,"44":0,"45":0,"46":0,"47":0,"48":0,"49":0,"50":0,"51":0,"52":0,"53":0,"54":0,"55":0,"56":0,"57":0,"58":0,"59":0,"60":0,"61":0,"62":0,"63":0,"64":0,"65":0,"66":0,"67":1},"f":{"0":0,"1":0,"2":0,"3":0,"4":0,"5":0,"6":0,"7":0,"8":0,"9":0,"10":0},"b":{"0":[0,0],"1":[0,0],"2":[0,0],"3":[0,0],"4":[0,0],"5":[0,0],"6":[0,0],"7":[0,0]},"_coverageSchema":"1a1c01bbd47fc00a2c39e90264f33305004495a9","hash":"88c2c239dc6b03d3c0289c50d8522822f5347ed4"}
,"D:\\Hacktiv8\\phase_2\\WEEK_3\\Individual Project\\IP-HCK85\\server\\helpers\\bcrypt.js": {"path":"D:\\Hacktiv8\\phase_2\\WEEK_3\\Individual Project\\IP-HCK85\\server\\helpers\\bcrypt.js","statementMap":{"0":{"start":{"line":1,"column":15},"end":{"line":1,"column":34}},"1":{"start":{"line":3,"column":0},"end":{"line":11,"column":1}},"2":{"start":{"line":5,"column":4},"end":{"line":5,"column":41}},"3":{"start":{"line":9,"column":4},"end":{"line":9,"column":61}}},"fnMap":{"0":{"name":"(anonymous_0)","decl":{"start":{"line":4,"column":2},"end":{"line":4,"column":3}},"loc":{"start":{"line":4,"column":25},"end":{"line":6,"column":3}},"line":4},"1":{"name":"(anonymous_1)","decl":{"start":{"line":8,"column":2},"end":{"line":8,"column":3}},"loc":{"start":{"line":8,"column":49},"end":{"line":10,"column":3}},"line":8}},"branchMap":{},"s":{"0":1,"1":1,"2":1,"3":0},"f":{"0":1,"1":0},"b":{},"_coverageSchema":"1a1c01bbd47fc00a2c39e90264f33305004495a9","hash":"c7daac500fbb5cc16553cd2ed6965455a31a873e"}
,"D:\\Hacktiv8\\phase_2\\WEEK_3\\Individual Project\\IP-HCK85\\server\\helpers\\jwt.js": {"path":"D:\\Hacktiv8\\phase_2\\WEEK_3\\Individual Project\\IP-HCK85\\server\\helpers\\jwt.js","statementMap":{"0":{"start":{"line":1,"column":12},"end":{"line":1,"column":35}},"1":{"start":{"line":2,"column":15},"end":{"line":2,"column":54}},"2":{"start":{"line":4,"column":0},"end":{"line":12,"column":2}},"3":{"start":{"line":6,"column":4},"end":{"line":6,"column":58}},"4":{"start":{"line":10,"column":4},"end":{"line":10,"column":37}}},"fnMap":{"0":{"name":"(anonymous_0)","decl":{"start":{"line":5,"column":2},"end":{"line":5,"column":3}},"loc":{"start":{"line":5,"column":25},"end":{"line":7,"column":3}},"line":5},"1":{"name":"(anonymous_1)","decl":{"start":{"line":9,"column":2},"end":{"line":9,"column":3}},"loc":{"start":{"line":9,"column":21},"end":{"line":11,"column":3}},"line":9}},"branchMap":{"0":{"loc":{"start":{"line":2,"column":15},"end":{"line":2,"column":54}},"type":"binary-expr","locations":[{"start":{"line":2,"column":15},"end":{"line":2,"column":37}},{"start":{"line":2,"column":41},"end":{"line":2,"column":54}}],"line":2}},"s":{"0":1,"1":1,"2":1,"3":0,"4":0},"f":{"0":0,"1":0},"b":{"0":[1,0]},"_coverageSchema":"1a1c01bbd47fc00a2c39e90264f33305004495a9","hash":"0f632fd8f7f56348a716a7f1877309e44a06bfc0"}
,"D:\\Hacktiv8\\phase_2\\WEEK_3\\Individual Project\\IP-HCK85\\server\\middlewares\\authentication.js": {"path":"D:\\Hacktiv8\\phase_2\\WEEK_3\\Individual Project\\IP-HCK85\\server\\middlewares\\authentication.js","statementMap":{"0":{"start":{"line":1,"column":24},"end":{"line":1,"column":49}},"1":{"start":{"line":2,"column":17},"end":{"line":2,"column":37}},"2":{"start":{"line":5,"column":2},"end":{"line":42,"column":3}},"3":{"start":{"line":6,"column":30},"end":{"line":6,"column":41}},"4":{"start":{"line":8,"column":4},"end":{"line":10,"column":5}},"5":{"start":{"line":9,"column":6},"end":{"line":9,"column":71}},"6":{"start":{"line":12,"column":21},"end":{"line":12,"column":45}},"7":{"start":{"line":13,"column":22},"end":{"line":13,"column":33}},"8":{"start":{"line":14,"column":23},"end":{"line":14,"column":34}},"9":{"start":{"line":16,"column":4},"end":{"line":18,"column":5}},"10":{"start":{"line":17,"column":6},"end":{"line":17,"column":63}},"11":{"start":{"line":20,"column":20},"end":{"line":20,"column":43}},"12":{"start":{"line":22,"column":17},"end":{"line":22,"column":48}},"13":{"start":{"line":23,"column":4},"end":{"line":25,"column":5}},"14":{"start":{"line":24,"column":6},"end":{"line":24,"column":63}},"15":{"start":{"line":27,"column":4},"end":{"line":31,"column":6}},"16":{"start":{"line":33,"column":4},"end":{"line":37,"column":6}},"17":{"start":{"line":39,"column":4},"end":{"line":39,"column":11}},"18":{"start":{"line":41,"column":4},"end":{"line":41,"column":16}},"19":{"start":{"line":45,"column":0},"end":{"line":45,"column":32}}},"fnMap":{"0":{"name":"authentication","decl":{"start":{"line":4,"column":15},"end":{"line":4,"column":29}},"loc":{"start":{"line":4,"column":46},"end":{"line":43,"column":1}},"line":4}},"branchMap":{"0":{"loc":{"start":{"line":8,"column":4},"end":{"line":10,"column":5}},"type":"if","locations":[{"start":{"line":8,"column":4},"end":{"line":10,"column":5}},{"start":{},"end":{}}],"line":8},"1":{"loc":{"start":{"line":16,"column":4},"end":{"line":18,"column":5}},"type":"if","locations":[{"start":{"line":16,"column":4},"end":{"line":18,"column":5}},{"start":{},"end":{}}],"line":16},"2":{"loc":{"start":{"line":16,"column":8},"end":{"line":16,"column":45}},"type":"binary-expr","locations":[{"start":{"line":16,"column":8},"end":{"line":16,"column":30}},{"start":{"line":16,"column":34},"end":{"line":16,"column":45}}],"line":16},"3":{"loc":{"start":{"line":23,"column":4},"end":{"line":25,"column":5}},"type":"if","locations":[{"start":{"line":23,"column":4},"end":{"line":25,"column":5}},{"start":{},"end":{}}],"line":23}},"s":{"0":1,"1":1,"2":0,"3":0,"4":0,"5":0,"6":0,"7":0,"8":0,"9":0,"10":0,"11":0,"12":0,"13":0,"14":0,"15":0,"16":0,"17":0,"18":0,"19":1},"f":{"0":0},"b":{"0":[0,0],"1":[0,0],"2":[0,0],"3":[0,0]},"_coverageSchema":"1a1c01bbd47fc00a2c39e90264f33305004495a9","hash":"2da8a700bbcb792ea27bbc0d7bade8fca15f839d"}
,"D:\\Hacktiv8\\phase_2\\WEEK_3\\Individual Project\\IP-HCK85\\server\\middlewares\\errorHandler.js": {"path":"D:\\Hacktiv8\\phase_2\\WEEK_3\\Individual Project\\IP-HCK85\\server\\middlewares\\errorHandler.js","statementMap":{"0":{"start":{"line":2,"column":4},"end":{"line":2,"column":35}},"1":{"start":{"line":4,"column":15},"end":{"line":4,"column":18}},"2":{"start":{"line":5,"column":18},"end":{"line":5,"column":41}},"3":{"start":{"line":7,"column":4},"end":{"line":22,"column":5}},"4":{"start":{"line":8,"column":8},"end":{"line":8,"column":19}},"5":{"start":{"line":9,"column":8},"end":{"line":9,"column":62}},"6":{"start":{"line":9,"column":40},"end":{"line":9,"column":49}},"7":{"start":{"line":10,"column":11},"end":{"line":22,"column":5}},"8":{"start":{"line":11,"column":8},"end":{"line":11,"column":19}},"9":{"start":{"line":12,"column":8},"end":{"line":12,"column":58}},"10":{"start":{"line":13,"column":11},"end":{"line":22,"column":5}},"11":{"start":{"line":14,"column":8},"end":{"line":14,"column":19}},"12":{"start":{"line":15,"column":8},"end":{"line":15,"column":50}},"13":{"start":{"line":16,"column":11},"end":{"line":22,"column":5}},"14":{"start":{"line":17,"column":8},"end":{"line":17,"column":19}},"15":{"start":{"line":18,"column":8},"end":{"line":18,"column":56}},"16":{"start":{"line":19,"column":11},"end":{"line":22,"column":5}},"17":{"start":{"line":20,"column":8},"end":{"line":20,"column":19}},"18":{"start":{"line":21,"column":8},"end":{"line":21,"column":34}},"19":{"start":{"line":24,"column":4},"end":{"line":28,"column":7}},"20":{"start":{"line":31,"column":0},"end":{"line":31,"column":30}}},"fnMap":{"0":{"name":"errorHandler","decl":{"start":{"line":1,"column":9},"end":{"line":1,"column":21}},"loc":{"start":{"line":1,"column":45},"end":{"line":29,"column":1}},"line":1},"1":{"name":"(anonymous_1)","decl":{"start":{"line":9,"column":35},"end":{"line":9,"column":36}},"loc":{"start":{"line":9,"column":40},"end":{"line":9,"column":49}},"line":9}},"branchMap":{"0":{"loc":{"start":{"line":7,"column":4},"end":{"line":22,"column":5}},"type":"if","locations":[{"start":{"line":7,"column":4},"end":{"line":22,"column":5}},{"start":{"line":10,"column":11},"end":{"line":22,"column":5}}],"line":7},"1":{"loc":{"start":{"line":7,"column":8},"end":{"line":7,"column":100}},"type":"binary-expr","locations":[{"start":{"line":7,"column":8},"end":{"line":7,"column":49}},{"start":{"line":7,"column":53},"end":{"line":7,"column":100}}],"line":7},"2":{"loc":{"start":{"line":10,"column":11},"end":{"line":22,"column":5}},"type":"if","locations":[{"start":{"line":10,"column":11},"end":{"line":22,"column":5}},{"start":{"line":13,"column":11},"end":{"line":22,"column":5}}],"line":10},"3":{"loc":{"start":{"line":13,"column":11},"end":{"line":22,"column":5}},"type":"if","locations":[{"start":{"line":13,"column":11},"end":{"line":22,"column":5}},{"start":{"line":16,"column":11},"end":{"line":22,"column":5}}],"line":13},"4":{"loc":{"start":{"line":15,"column":18},"end":{"line":15,"column":49}},"type":"binary-expr","locations":[{"start":{"line":15,"column":18},"end":{"line":15,"column":31}},{"start":{"line":15,"column":35},"end":{"line":15,"column":49}}],"line":15},"5":{"loc":{"start":{"line":16,"column":11},"end":{"line":22,"column":5}},"type":"if","locations":[{"start":{"line":16,"column":11},"end":{"line":22,"column":5}},{"start":{"line":19,"column":11},"end":{"line":22,"column":5}}],"line":16},"6":{"loc":{"start":{"line":18,"column":18},"end":{"line":18,"column":55}},"type":"binary-expr","locations":[{"start":{"line":18,"column":18},"end":{"line":18,"column":31}},{"start":{"line":18,"column":35},"end":{"line":18,"column":55}}],"line":18},"7":{"loc":{"start":{"line":19,"column":11},"end":{"line":22,"column":5}},"type":"if","locations":[{"start":{"line":19,"column":11},"end":{"line":22,"column":5}},{"start":{},"end":{}}],"line":19}},"s":{"0":0,"1":0,"2":0,"3":0,"4":0,"5":0,"6":0,"7":0,"8":0,"9":0,"10":0,"11":0,"12":0,"13":0,"14":0,"15":0,"16":0,"17":0,"18":0,"19":0,"20":1},"f":{"0":0,"1":0},"b":{"0":[0,0],"1":[0,0],"2":[0,0],"3":[0,0],"4":[0,0],"5":[0,0],"6":[0,0],"7":[0,0]},"_coverageSchema":"1a1c01bbd47fc00a2c39e90264f33305004495a9","hash":"96b9f6e0916f3ae3aee1b20449f83fbb7b3314c8"}
,"D:\\Hacktiv8\\phase_2\\WEEK_3\\Individual Project\\IP-HCK85\\server\\models\\index.js": {"path":"D:\\Hacktiv8\\phase_2\\WEEK_3\\Individual Project\\IP-HCK85\\server\\models\\index.js","statementMap":{"0":{"start":{"line":3,"column":11},"end":{"line":3,"column":24}},"1":{"start":{"line":4,"column":13},"end":{"line":4,"column":28}},"2":{"start":{"line":5,"column":18},"end":{"line":5,"column":38}},"3":{"start":{"line":6,"column":16},"end":{"line":6,"column":34}},"4":{"start":{"line":7,"column":17},"end":{"line":7,"column":42}},"5":{"start":{"line":8,"column":12},"end":{"line":8,"column":49}},"6":{"start":{"line":9,"column":15},"end":{"line":9,"column":65}},"7":{"start":{"line":10,"column":11},"end":{"line":10,"column":13}},"8":{"start":{"line":13,"column":0},"end":{"line":17,"column":1}},"9":{"start":{"line":14,"column":2},"end":{"line":14,"column":74}},"10":{"start":{"line":16,"column":2},"end":{"line":16,"column":87}},"11":{"start":{"line":19,"column":0},"end":{"line":32,"column":5}},"12":{"start":{"line":22,"column":4},"end":{"line":27,"column":6}},"13":{"start":{"line":30,"column":18},"end":{"line":30,"column":85}},"14":{"start":{"line":31,"column":4},"end":{"line":31,"column":27}},"15":{"start":{"line":34,"column":0},"end":{"line":38,"column":3}},"16":{"start":{"line":35,"column":2},"end":{"line":37,"column":3}},"17":{"start":{"line":36,"column":4},"end":{"line":36,"column":32}},"18":{"start":{"line":40,"column":0},"end":{"line":40,"column":25}},"19":{"start":{"line":41,"column":0},"end":{"line":41,"column":25}},"20":{"start":{"line":43,"column":0},"end":{"line":43,"column":20}}},"fnMap":{"0":{"name":"(anonymous_0)","decl":{"start":{"line":21,"column":10},"end":{"line":21,"column":11}},"loc":{"start":{"line":21,"column":18},"end":{"line":28,"column":3}},"line":21},"1":{"name":"(anonymous_1)","decl":{"start":{"line":29,"column":11},"end":{"line":29,"column":12}},"loc":{"start":{"line":29,"column":19},"end":{"line":32,"column":3}},"line":29},"2":{"name":"(anonymous_2)","decl":{"start":{"line":34,"column":24},"end":{"line":34,"column":25}},"loc":{"start":{"line":34,"column":37},"end":{"line":38,"column":1}},"line":34}},"branchMap":{"0":{"loc":{"start":{"line":8,"column":12},"end":{"line":8,"column":49}},"type":"binary-expr","locations":[{"start":{"line":8,"column":12},"end":{"line":8,"column":32}},{"start":{"line":8,"column":36},"end":{"line":8,"column":49}}],"line":8},"1":{"loc":{"start":{"line":13,"column":0},"end":{"line":17,"column":1}},"type":"if","locations":[{"start":{"line":13,"column":0},"end":{"line":17,"column":1}},{"start":{"line":15,"column":7},"end":{"line":17,"column":1}}],"line":13},"2":{"loc":{"start":{"line":23,"column":6},"end":{"line":26,"column":37}},"type":"binary-expr","locations":[{"start":{"line":23,"column":6},"end":{"line":23,"column":29}},{"start":{"line":24,"column":6},"end":{"line":24,"column":23}},{"start":{"line":25,"column":6},"end":{"line":25,"column":30}},{"start":{"line":26,"column":6},"end":{"line":26,"column":37}}],"line":23},"3":{"loc":{"start":{"line":35,"column":2},"end":{"line":37,"column":3}},"type":"if","locations":[{"start":{"line":35,"column":2},"end":{"line":37,"column":3}},{"start":{},"end":{}}],"line":35}},"s":{"0":1,"1":1,"2":1,"3":1,"4":1,"5":1,"6":1,"7":1,"8":1,"9":0,"10":1,"11":1,"12":5,"13":4,"14":4,"15":1,"16":4,"17":4,"18":1,"19":1,"20":1},"f":{"0":5,"1":4,"2":4},"b":{"0":[1,0],"1":[0,1],"2":[5,5,4,4],"3":[4,0]},"_coverageSchema":"1a1c01bbd47fc00a2c39e90264f33305004495a9","hash":"e778cf9976c25a3cdc4f6ea2b84451f0112750ea"}
,"D:\\Hacktiv8\\phase_2\\WEEK_3\\Individual Project\\IP-HCK85\\server\\models\\session.js": {"path":"D:\\Hacktiv8\\phase_2\\WEEK_3\\Individual Project\\IP-HCK85\\server\\models\\session.js","statementMap":{"0":{"start":{"line":4,"column":4},"end":{"line":4,"column":24}},"1":{"start":{"line":5,"column":0},"end":{"line":94,"column":2}},"2":{"start":{"line":9,"column":6},"end":{"line":9,"column":76}},"3":{"start":{"line":10,"column":6},"end":{"line":10,"column":66}},"4":{"start":{"line":11,"column":6},"end":{"line":13,"column":31}},"5":{"start":{"line":16,"column":2},"end":{"line":92,"column":5}},"6":{"start":{"line":93,"column":2},"end":{"line":93,"column":17}}},"fnMap":{"0":{"name":"(anonymous_0)","decl":{"start":{"line":5,"column":17},"end":{"line":5,"column":18}},"loc":{"start":{"line":5,"column":43},"end":{"line":94,"column":1}},"line":5},"1":{"name":"(anonymous_1)","decl":{"start":{"line":8,"column":4},"end":{"line":8,"column":5}},"loc":{"start":{"line":8,"column":29},"end":{"line":14,"column":5}},"line":8}},"branchMap":{},"s":{"0":1,"1":1,"2":1,"3":1,"4":1,"5":1,"6":1},"f":{"0":1,"1":1},"b":{},"_coverageSchema":"1a1c01bbd47fc00a2c39e90264f33305004495a9","hash":"5312e31e59e162134dfcb153e7c932d12f3206a0"}
,"D:\\Hacktiv8\\phase_2\\WEEK_3\\Individual Project\\IP-HCK85\\server\\models\\sessionparticipant.js": {"path":"D:\\Hacktiv8\\phase_2\\WEEK_3\\Individual Project\\IP-HCK85\\server\\models\\sessionparticipant.js","statementMap":{"0":{"start":{"line":2,"column":18},"end":{"line":2,"column":38}},"1":{"start":{"line":4,"column":0},"end":{"line":34,"column":2}},"2":{"start":{"line":8,"column":6},"end":{"line":10,"column":9}},"3":{"start":{"line":11,"column":6},"end":{"line":13,"column":9}},"4":{"start":{"line":16,"column":2},"end":{"line":32,"column":5}},"5":{"start":{"line":33,"column":2},"end":{"line":33,"column":28}}},"fnMap":{"0":{"name":"(anonymous_0)","decl":{"start":{"line":4,"column":17},"end":{"line":4,"column":18}},"loc":{"start":{"line":4,"column":43},"end":{"line":34,"column":1}},"line":4},"1":{"name":"(anonymous_1)","decl":{"start":{"line":6,"column":4},"end":{"line":6,"column":5}},"loc":{"start":{"line":6,"column":29},"end":{"line":14,"column":5}},"line":6}},"branchMap":{},"s":{"0":1,"1":1,"2":1,"3":1,"4":1,"5":1},"f":{"0":1,"1":1},"b":{},"_coverageSchema":"1a1c01bbd47fc00a2c39e90264f33305004495a9","hash":"5d68816b9b3a5269c1b34f687e0e455466bb7874"}
,"D:\\Hacktiv8\\phase_2\\WEEK_3\\Individual Project\\IP-HCK85\\server\\models\\sport.js": {"path":"D:\\Hacktiv8\\phase_2\\WEEK_3\\Individual Project\\IP-HCK85\\server\\models\\sport.js","statementMap":{"0":{"start":{"line":4,"column":4},"end":{"line":4,"column":24}},"1":{"start":{"line":5,"column":0},"end":{"line":34,"column":2}},"2":{"start":{"line":9,"column":6},"end":{"line":9,"column":63}},"3":{"start":{"line":12,"column":2},"end":{"line":32,"column":5}},"4":{"start":{"line":33,"column":2},"end":{"line":33,"column":15}}},"fnMap":{"0":{"name":"(anonymous_0)","decl":{"start":{"line":5,"column":17},"end":{"line":5,"column":18}},"loc":{"start":{"line":5,"column":43},"end":{"line":34,"column":1}},"line":5},"1":{"name":"(anonymous_1)","decl":{"start":{"line":8,"column":4},"end":{"line":8,"column":5}},"loc":{"start":{"line":8,"column":29},"end":{"line":10,"column":5}},"line":8}},"branchMap":{},"s":{"0":1,"1":1,"2":1,"3":1,"4":1},"f":{"0":1,"1":1},"b":{},"_coverageSchema":"1a1c01bbd47fc00a2c39e90264f33305004495a9","hash":"3b8f7ecc081b58e68e2b03496a48f39501797479"}
,"D:\\Hacktiv8\\phase_2\\WEEK_3\\Individual Project\\IP-HCK85\\server\\models\\user.js": {"path":"D:\\Hacktiv8\\phase_2\\WEEK_3\\Individual Project\\IP-HCK85\\server\\models\\user.js","statementMap":{"0":{"start":{"line":4,"column":4},"end":{"line":4,"column":24}},"1":{"start":{"line":5,"column":0},"end":{"line":46,"column":2}},"2":{"start":{"line":9,"column":6},"end":{"line":9,"column":61}},"3":{"start":{"line":10,"column":6},"end":{"line":10,"column":101}},"4":{"start":{"line":13,"column":2},"end":{"line":44,"column":5}},"5":{"start":{"line":45,"column":2},"end":{"line":45,"column":14}}},"fnMap":{"0":{"name":"(anonymous_0)","decl":{"start":{"line":5,"column":17},"end":{"line":5,"column":18}},"loc":{"start":{"line":5,"column":43},"end":{"line":46,"column":1}},"line":5},"1":{"name":"(anonymous_1)","decl":{"start":{"line":8,"column":4},"end":{"line":8,"column":5}},"loc":{"start":{"line":8,"column":29},"end":{"line":11,"column":5}},"line":8}},"branchMap":{},"s":{"0":1,"1":1,"2":1,"3":1,"4":1,"5":1},"f":{"0":1,"1":1},"b":{},"_coverageSchema":"1a1c01bbd47fc00a2c39e90264f33305004495a9","hash":"eca84e6ad1ec2b2aa7eb51f830931cadf13ff427"}
}
