TN:
SF:controllers\AIController.js
FN:10,(anonymous_0)
FNF:1
FNH:0
FNDA:0,(anonymous_0)
DA:2,7
DA:4,7
DA:5,7
DA:7,7
DA:11,0
DA:12,0
DA:14,0
DA:18,0
DA:19,0
DA:22,0
DA:23,0
DA:24,0
DA:26,0
DA:32,0
DA:33,0
DA:34,0
DA:36,0
DA:38,0
DA:39,0
DA:43,0
DA:44,0
DA:46,0
DA:47,0
DA:51,0
DA:53,0
DA:62,0
DA:63,0
DA:69,0
DA:70,0
DA:78,7
LF:30
LH:5
BRDA:18,0,0,0
BRDA:18,0,1,0
BRDA:38,1,0,0
BRDA:38,1,1,0
BRDA:38,2,0,0
BRDA:38,2,1,0
BRDA:38,2,2,0
BRDA:38,2,3,0
BRDA:46,3,0,0
BRDA:46,3,1,0
BRF:10
BRH:0
end_of_record
TN:
SF:controllers\AuthController.js
FN:9,(anonymous_0)
FN:36,(anonymous_1)
FN:52,(anonymous_2)
FNF:3
FNH:2
FNDA:8,(anonymous_0)
FNDA:7,(anonymous_1)
FNDA:0,(anonymous_2)
DA:1,7
DA:2,7
DA:3,7
DA:4,7
DA:5,7
DA:6,7
DA:10,8
DA:11,8
DA:14,8
DA:15,1
DA:20,7
DA:26,4
DA:28,3
DA:29,2
DA:31,1
DA:37,7
DA:38,7
DA:40,7
DA:41,7
DA:42,3
DA:45,3
DA:46,3
DA:48,4
DA:54,0
DA:56,0
DA:57,0
DA:62,0
DA:63,0
DA:65,0
DA:66,0
DA:67,0
DA:74,0
DA:75,0
DA:78,0
DA:79,0
DA:85,7
LF:36
LH:24
BRDA:14,0,0,1
BRDA:14,0,1,7
BRDA:14,1,0,8
BRDA:14,1,1,7
BRDA:14,1,2,7
BRDA:28,2,0,2
BRDA:28,2,1,1
BRDA:41,3,0,3
BRDA:41,3,1,3
BRDA:41,4,0,7
BRDA:41,4,1,6
BRDA:66,5,0,0
BRDA:66,5,1,0
BRF:13
BRH:11
end_of_record
TN:
SF:controllers\ParticipantController.js
FN:4,(anonymous_0)
FN:78,(anonymous_1)
FNF:2
FNH:2
FNDA:4,(anonymous_0)
FNDA:1,(anonymous_1)
DA:1,7
DA:5,4
DA:7,4
DA:9,4
DA:10,0
DA:17,4
DA:18,0
DA:25,4
DA:26,4
DA:27,0
DA:34,4
DA:35,4
DA:36,1
DA:43,3
DA:52,3
DA:53,1
DA:60,2
DA:69,2
DA:74,0
DA:79,1
DA:80,1
DA:82,1
DA:89,1
DA:91,1
DA:93,0
DA:98,7
LF:26
LH:21
BRDA:9,0,0,0
BRDA:9,0,1,4
BRDA:17,1,0,0
BRDA:17,1,1,4
BRDA:17,2,0,4
BRDA:17,2,1,4
BRDA:26,3,0,0
BRDA:26,3,1,4
BRDA:35,4,0,1
BRDA:35,4,1,3
BRDA:52,5,0,1
BRDA:52,5,1,2
BRDA:89,6,0,0
BRDA:89,6,1,1
BRF:14
BRH:10
end_of_record
TN:
SF:controllers\PublicController.js
FN:4,(anonymous_0)
FN:24,(anonymous_1)
FNF:2
FNH:0
FNDA:0,(anonymous_0)
FNDA:0,(anonymous_1)
DA:1,7
DA:5,0
DA:6,0
DA:24,0
DA:25,0
DA:44,0
DA:46,0
DA:51,7
LF:8
LH:2
BRDA:33,0,0,0
BRDA:33,0,1,0
BRDA:34,1,0,0
BRDA:34,1,1,0
BRDA:36,2,0,0
BRDA:36,2,1,0
BRDA:37,3,0,0
BRDA:37,3,1,0
BRDA:38,4,0,0
BRDA:38,4,1,0
BRDA:39,5,0,0
BRDA:39,5,1,0
BRF:12
BRH:0
end_of_record
TN:
SF:controllers\SessionController.js
FN:12,(anonymous_0)
FN:46,(anonymous_1)
FN:69,(anonymous_2)
FN:73,(anonymous_3)
FN:84,(anonymous_4)
FN:107,(anonymous_5)
FN:123,(anonymous_6)
FN:135,(anonymous_7)
FN:149,(anonymous_8)
FN:189,(anonymous_9)
FN:208,(anonymous_10)
FN:225,(anonymous_11)
FN:235,(anonymous_12)
FNF:13
FNH:6
FNDA:3,(anonymous_0)
FNDA:1,(anonymous_1)
FNDA:1,(anonymous_2)
FNDA:0,(anonymous_3)
FNDA:0,(anonymous_4)
FNDA:0,(anonymous_5)
FNDA:0,(anonymous_6)
FNDA:2,(anonymous_7)
FNDA:3,(anonymous_8)
FNDA:3,(anonymous_9)
FNDA:0,(anonymous_10)
FNDA:0,(anonymous_11)
FNDA:0,(anonymous_12)
DA:1,7
DA:2,7
DA:5,7
DA:13,3
DA:14,3
DA:19,3
DA:22,3
DA:35,3
DA:37,3
DA:39,2
DA:41,1
DA:42,1
DA:47,1
DA:48,1
DA:69,1
DA:70,1
DA:71,1
DA:73,1
DA:74,1
DA:75,1
DA:78,1
DA:80,0
DA:85,0
DA:86,0
DA:107,0
DA:108,0
DA:109,0
DA:110,0
DA:111,0
DA:112,0
DA:115,0
DA:117,0
DA:124,0
DA:125,0
DA:129,0
DA:131,0
DA:136,2
DA:137,2
DA:138,2
DA:141,2
DA:143,1
DA:145,1
DA:150,3
DA:151,3
DA:153,3
DA:155,3
DA:156,1
DA:160,2
DA:161,0
DA:167,2
DA:170,2
DA:181,2
DA:184,0
DA:190,3
DA:191,3
DA:192,3
DA:194,3
DA:196,2
DA:197,2
DA:199,1
DA:200,1
DA:201,1
DA:204,0
DA:209,0
DA:210,0
DA:211,0
DA:214,0
DA:215,0
DA:216,0
DA:219,0
DA:220,0
DA:221,0
DA:225,0
DA:226,0
DA:236,0
DA:237,0
DA:240,0
DA:244,0
DA:246,0
DA:252,0
DA:253,0
DA:261,7
LF:82
LH:46
BRDA:19,0,0,3
BRDA:19,0,1,0
BRDA:24,1,0,3
BRDA:24,1,1,0
BRDA:25,2,0,3
BRDA:25,2,1,1
BRDA:26,3,0,3
BRDA:26,3,1,1
BRDA:27,4,0,3
BRDA:27,4,1,1
BRDA:28,5,0,3
BRDA:28,5,1,1
BRDA:29,6,0,3
BRDA:29,6,1,1
BRDA:30,7,0,3
BRDA:30,7,1,0
BRDA:31,8,0,2
BRDA:31,8,1,1
BRDA:73,9,0,1
BRDA:73,9,1,0
BRDA:141,10,0,1
BRDA:141,10,1,1
BRDA:155,11,0,1
BRDA:155,11,1,2
BRDA:160,12,0,0
BRDA:160,12,1,2
BRDA:160,13,0,2
BRDA:160,13,1,2
BRDA:171,14,0,2
BRDA:171,14,1,2
BRDA:172,15,0,2
BRDA:172,15,1,2
BRDA:173,16,0,2
BRDA:173,16,1,2
BRDA:174,17,0,2
BRDA:174,17,1,2
BRDA:175,18,0,2
BRDA:175,18,1,0
BRDA:176,19,0,1
BRDA:176,19,1,1
BRDA:177,20,0,2
BRDA:177,20,1,2
BRDA:178,21,0,2
BRDA:178,21,1,2
BRDA:194,22,0,1
BRDA:194,22,1,2
BRDA:200,23,0,1
BRDA:200,23,1,0
BRDA:210,24,0,0
BRDA:210,24,1,0
BRDA:215,25,0,0
BRDA:215,25,1,0
BRDA:215,26,0,0
BRDA:215,26,1,0
BRDA:220,27,0,0
BRDA:220,27,1,0
BRDA:236,28,0,0
BRDA:236,28,1,0
BRF:58
BRH:41
end_of_record
TN:
SF:helpers\bcrypt.js
FN:4,(anonymous_0)
FN:8,(anonymous_1)
FNF:2
FNH:2
FNDA:8,(anonymous_0)
FNDA:6,(anonymous_1)
DA:1,7
DA:3,7
DA:5,8
DA:9,6
LF:4
LH:4
BRF:0
BRH:0
end_of_record
TN:
SF:helpers\jwt.js
FN:5,(anonymous_0)
FN:9,(anonymous_1)
FNF:2
FNH:2
FNDA:3,(anonymous_0)
FNDA:24,(anonymous_1)
DA:1,7
DA:2,7
DA:4,7
DA:6,3
DA:10,24
LF:5
LH:5
BRDA:2,0,0,7
BRDA:2,0,1,0
BRF:2
BRH:1
end_of_record
TN:
SF:middlewares\authentication.js
FN:4,authentication
FNF:1
FNH:1
FNDA:29,authentication
DA:1,7
DA:2,7
DA:5,29
DA:6,29
DA:8,29
DA:9,5
DA:12,24
DA:13,24
DA:14,24
DA:16,24
DA:17,0
DA:20,24
DA:22,17
DA:23,17
DA:24,0
DA:27,17
DA:33,17
DA:35,12
DA:39,7
LF:19
LH:17
BRDA:8,0,0,5
BRDA:8,0,1,24
BRDA:16,1,0,0
BRDA:16,1,1,24
BRDA:16,2,0,24
BRDA:16,2,1,24
BRDA:23,3,0,0
BRDA:23,3,1,17
BRF:8
BRH:6
end_of_record
TN:
SF:middlewares\errorHandler.js
FN:1,errorHandler
FN:9,(anonymous_1)
FNF:2
FNH:2
FNDA:19,errorHandler
FNDA:6,(anonymous_1)
DA:2,19
DA:4,19
DA:5,19
DA:7,19
DA:8,2
DA:9,6
DA:10,17
DA:11,0
DA:12,0
DA:13,17
DA:14,8
DA:15,8
DA:16,9
DA:17,1
DA:18,1
DA:19,8
DA:20,7
DA:21,7
DA:24,19
DA:31,7
LF:20
LH:18
BRDA:7,0,0,2
BRDA:7,0,1,17
BRDA:7,1,0,19
BRDA:7,1,1,17
BRDA:10,2,0,0
BRDA:10,2,1,17
BRDA:13,3,0,8
BRDA:13,3,1,9
BRDA:15,4,0,8
BRDA:15,4,1,0
BRDA:16,5,0,1
BRDA:16,5,1,8
BRDA:18,6,0,1
BRDA:18,6,1,0
BRDA:19,7,0,7
BRDA:19,7,1,1
BRF:16
BRH:13
end_of_record
